STEP to UG
! INFO-     NX STEP AP214 - V1926
! INFO-      
! INFO-     Start of Translation: 16-SEP-2022  3:03:52 PM
! INFO-      
! STATUS-   Converting Part: U:\GrabCAD\Spaceshot\components\upper-section-assembly\components\avionics-bay-assembly\components\battery-stack-3.1-assembly\components\cots\1781 2200mAh Battery.step
! SUMMARY-   
! SUMMARY-    STEP Header Information
! SUMMARY-   
! SUMMARY-  Description      Unknown
! SUMMARY-  Imp_Level        2;1
! SUMMARY-  File_Name        /Users/emac5k/Dropbox/Adafruit/3D/Adafruit_CAD_Parts/1781 2200mAh Battery/1781 2200mAh Battery.step
! SUMMARY-  Date             2018-07-07T15:27:43-04:00
! SUMMARY-  Author           Adafruit
! SUMMARY-  Organization     Unknown
! SUMMARY-  Pre_Version      ST-DEVELOPER v17
! SUMMARY-  Orig_System      Autodesk Translation Framework v7.1.0.215
! SUMMARY-  Authorization    Unknown
! SUMMARY-  Schema_ID        automotive_design
! SUMMARY-   
! SUMMARY-    Summary of STEP Entities
! SUMMARY-   
! SUMMARY-  Entity Type                                                   Count
! SUMMARY-  -----------                                                   ------
! SUMMARY-  advanced_face ..............................................:      9
! SUMMARY-  application_context ........................................:      1
! SUMMARY-  axis2_placement_3d .........................................:     20
! SUMMARY-  cartesian_point ............................................:     31
! SUMMARY-  circle .....................................................:     10
! SUMMARY-  closed_shell ...............................................:      2
! SUMMARY-  cylindrical_surface ........................................:      3
! SUMMARY-  direction ..................................................:     43
! SUMMARY-  edge_curve .................................................:     13
! SUMMARY-  edge_loop ..................................................:     11
! SUMMARY-  face_bound .................................................:      2
! SUMMARY-  face_outer_bound ...........................................:      9
! SUMMARY-  geometric_representation_context_and_global_uncertainty_a ..:      2
! SUMMARY-  length_unit_and_si_unit ....................................:      1
! SUMMARY-  line .......................................................:      3
! SUMMARY-  manifold_solid_brep ........................................:      2
! SUMMARY-  oriented_edge ..............................................:     26
! SUMMARY-  plane ......................................................:      4
! SUMMARY-  plane_angle_unit_and_si_unit ...............................:      1
! SUMMARY-  product ....................................................:      1
! SUMMARY-  product_context ............................................:      1
! SUMMARY-  product_definition .........................................:      1
! SUMMARY-  product_definition_context .................................:      1
! SUMMARY-  product_definition_formation ...............................:      1
! SUMMARY-  product_definition_shape ...................................:      1
! SUMMARY-  product_related_product_category ...........................:      1
! SUMMARY-  si_unit_and_solid_angle_unit ...............................:      1
! SUMMARY-  toroidal_surface ...........................................:      2
! SUMMARY-  uncertainty_measure_with_unit ..............................:      2
! SUMMARY-  vector .....................................................:      3
! SUMMARY-  vertex_point ...............................................:      8
! SUMMARY-                                                               -------
! SUMMARY-  Total                                                            216
! STATUS-    
! STATUS-   Converting to Output Form (Phase 2 of 3): 16-SEP-2022 3:03:52 PM
! STATUS-    
! STATUS-    
! STATUS-   Generating UG geometry and placing them in parts
! STATUS-    
! STATUS-   Creating the UG part (Phase 3 of 3): 16-SEP-2022  3:03:52 PM
! INFO-     Filing Part ..: U:\GrabCAD\Spaceshot\components\upper-section-assembly\components\avionics-bay-assembly\components\battery-stack-3.1-assembly\components\cots\1781 2200mAh Battery.prt
! SUMMARY-   
! SUMMARY-  Summary of Unigraphics Part Entities
! SUMMARY-   
! SUMMARY-  Entities Processed             Count
! SUMMARY-  ------------------             -----
! SUMMARY-  Solid .......................:     2
! SUMMARY-                                 -----
! SUMMARY-  Total                              2
! INFO-      
! INFO-     Total number of solids input for this translation       :         2
! INFO-      
! INFO-     Number of solids created without body validation faults :         2
! INFO-      
! INFO-     Number of solids created with body validation fault(s)  :         0
! INFO-      
! INFO-     Number of solids ending up as sheet bodies              :         0
! INFO-      
! INFO-     End of Translation: 16-SEP-2022  3:03:54 PM
! INFO-      
