
Unigraphics NX V1926 / 2D Exchange

Reading part: C:\Users\ktt3\Documents\GrabCAD\Spaceshot\components\lower-section-assembly\components\payload-assembly\components\black-box-assembly\components\black-box-sensor-suite.prt


Writing part: C:\Users\ktt3\AppData\Local\Temp\ktt32FA43645j1v5.prt

Elapsed time   :    0 minutes,  0 seconds
Actual CPU Time:    0 minutes,  0 seconds

INFO-
INFO-		Unigraphics Version NX V1926 to AutoCAD 2004
INFO-		
INFO-
INFO-		Running UGTODXF Translator .....
INFO-
INFO-		Start of Translation: Wed Jun 15 11:42:08 2022
INFO-
STATUS-		Converting C:\Users\ktt3\AppData\Local\Temp\ktt32FA43645j1v5.prt
STATUS-
SUMMARY-
SUMMARY-	Summary of Unigraphics Input Entities
SUMMARY-	For Unigraphics File: C:\Users\ktt3\AppData\Local\Temp\ktt32FA43645j1v5.prt
SUMMARY-	------------------------------------------------------------------
SUMMARY-	Entity Type					Count
SUMMARY-	------------------------------------------------------------------
SUMMARY-	Arc ......................................:	8
SUMMARY-	Circle ...................................:	12
SUMMARY-	------------------------------------------------------------------
SUMMARY-	Total ....................................:	20
SUMMARY-	------------------------------------------------------------------
SUMMARY-
STATUS-
INFO-
INFO-		Writing File: C:\Users\ktt3\Documents\GrabCAD\Spaceshot\components\lower-section-assembly\components\payload-assembly\components\black-box-assembly\manufacturing\black-box-sensor-suite.dxf
SUMMARY-	Summary of AutoCAD Output Entities
SUMMARY-	------------------------------------------------------------------
SUMMARY-	Entity Type					Count
SUMMARY-	------------------------------------------------------------------
SUMMARY-	Arc ......................................:	8
SUMMARY-	Circle ...................................:	12
SUMMARY-	Layout ...................................:	6
SUMMARY-	------------------------------------------------------------------
SUMMARY-	Total ....................................:	26
SUMMARY-	------------------------------------------------------------------
SUMMARY-
INFO-
INFO-		End of Translation: Wed Jun 15 11:42:38 2022
INFO-		Translation CPU time: 0 m, 30 sINFO-
