----------------------------------------------------------------------------
SUMMARY-            Translator Settings
----------------------------------------------------------------------------
UNITS                                              = METRIC                                            
MAX_SPLINE_DEGREE                                  = 3                                                 
UGI_IMPORT_POLYLINE                                = SPLINE                                            
UGI_DIM_IMPORT_FLAG                                = GROUP                                             
FILL_MODE                                          = OFF                                               
IMPORT_ACAD_MODEL_DATA                             = YES                                               
IMPORT_ACAD_MODEL_DATA_TO                          = MODELING                                          
IMPORT_ACAD_LAYOUTS                                = YES                                               
IMPORT_ACAD_LAYOUTS_TO                             = IMPORTED_VIEW                                     
IMPORT_ACAD_BlOCKS_AS                              = GROUP                                             
IMPORT_ACAD_CURVES_ON_SKETCH                       = NO                                                
AVOID_NX_TEMPLATE_PART_LAYERS                      = YES                                               
SET_NX_LAYER_NUMBER_FROM_PREFIX                    = NO                                                
SKIP_UNREFERENCED_ACAD_LAYERS                      = YES                                               
IMPORT_UNSELECTED_ACAD_LAYERS                      = NO                                                
IMPORT_UNSELECTED_ACAD_LAYERS_TO                   = 256                                               
NON_NUMERIC_LAYER_SORTING_CRITERIA                 = ALPHABETICAL                                      
IMPORT_3D_FACES_AS                                 = JT FACETS                                         
-------------------------------End------------------------------------------

----------------------------------------------------------------------------
SUMMARY-            ACAD and NX Layer Mapping Info
----------------------------------------------------------------------------
ACAD Layer                                        NX Layer                                          
------------                                      -----------                                       
0                                                 2                                                 
1                                                 1                                                 
-------------------------------End------------------------------------------

----------------------------------------------------------------------------
SUMMARY-            ACAD and NX Linefonts Mapping Info
----------------------------------------------------------------------------
ACAD Linefont                                     NX Linefont                                       
------------                                      -----------                                       
CONTINUOUS                                        Solid                                             
ACAD_ISO04W100                                    Long Dashed Dotted                                
ACAD_ISO05W100                                    Long Dashed Double Dotted                         
ACAD_ISO06W100                                    Long Dashed Triplicate Dotted                     
ACAD_ISO09W100                                    Long Dashed Double Short Dashed                   
CENTER                                            Centerline                                        
DASHDOT                                           Dotted Dashed                                     
DASHED                                            Dashed                                            
DOT                                               Dotted                                            
PHANTOM                                           Phantom                                           
-------------------------------End------------------------------------------

----------------------------------------------------------------------------
SUMMARY-            ACAD Text Fonts And NX Text Fonts Info
----------------------------------------------------------------------------
ACAD TextFont                                     NX TextFont                                       
------------                                      -----------                                       
txt                                               Arial                                             
-------------------------------End------------------------------------------

----------------------------------------------------------------------------
SUMMARY-            ACAD and NX Hatch Pattern Mapping Info
----------------------------------------------------------------------------
ACAD Hatch Pattern                                NX Hatch Pattern                                  
------------                                      -----------                                       

-None-
-------------------------------End------------------------------------------

INFO-
INFO-		AutoCAD 2004 to Unigraphics Version NX V1926
INFO-		20.08
INFO-
INFO-		Running DXFTOUG Translator .....
INFO-
INFO-		Start of Translation: Wed Mar  2 18:35:57 2022
INFO-
STATUS-		Converting C:\Users\Lwill\GrabCAD\Spaceshot\components\upper-section-assembly\components\avionics-bay-assembly\components\co2-recovery-assembly\manufacturing\co2-recovery-assembly_Bulkhead-Metric.dxf
STATUS-
SUMMARY-
SUMMARY-	Summary of AutoCAD Input Entities
SUMMARY-	For AutoCAD File: C:\Users\Lwill\GrabCAD\Spaceshot\components\upper-section-assembly\components\avionics-bay-assembly\components\co2-recovery-assembly\manufacturing\co2-recovery-assembly_Bulkhead-Metric.dxf
SUMMARY-SUMMARY-	------------------------------------------------------------------
SUMMARY-	Entity Type					Count
SUMMARY-	------------------------------------------------------------------
SUMMARY-	Line .....................................:	8
SUMMARY-	Ellipse ..................................:	19
SUMMARY-	Layout ...................................:	1
SUMMARY-	------------------------------------------------------------------
SUMMARY-	Total ....................................:	28
SUMMARY-	------------------------------------------------------------------
SUMMARY-
STATUS-
INFO-
INFO-		Writing File: C:\Users\Lwill\GrabCAD\Spaceshot\components\upper-section-assembly\components\avionics-bay-assembly\components\co2-recovery-assembly\manufacturing\co2-recovery-assembly_Bulkhead-Metric_dxf.prt
SUMMARY-	Summary of UG Output Entities
SUMMARY-	------------------------------------------------------------------
SUMMARY-	Entity Type					Count
SUMMARY-	------------------------------------------------------------------
SUMMARY-	Line .....................................:	8
SUMMARY-	Conic ....................................:	19
SUMMARY-	Group ....................................:	1
SUMMARY-	Layout ...................................:	1
SUMMARY-	------------------------------------------------------------------
SUMMARY-	Total ....................................:	29
SUMMARY-	------------------------------------------------------------------
SUMMARY-
INFO-
INFO-		End of Translation: Wed Mar  2 18:35:59 2022
INFO-		Translation CPU time: 0 m, 2 s
INFO-
