STEP to UG
! INFO-     NX STEP AP214 - V1926
! INFO-      
! INFO-     Start of Translation: 17-SEP-2022  11:51:07 AM
! INFO-      
! STATUS-   Converting Part: C:\Users\Rishi\Downloads\Tab+.stp
! SUMMARY-   
! SUMMARY-    STEP Header Information
! SUMMARY-   
! SUMMARY-  Description      Unknown
! SUMMARY-  Imp_Level        2;1
! SUMMARY-  File_Name        c:\worker\convert-fusion-r05\tmp\job-1\7\output\files\bca550c3-160b-4662-9c67-4e09b2ae5a32\921dfd6c-000a-43da-9e3a-34c91b33af09.stp
! SUMMARY-  Date             2022-09-17T16:32:55Z
! SUMMARY-  Author           Unknown
! SUMMARY-  Organization     Unknown
! SUMMARY-  Pre_Version      ST-DEVELOPER v19
! SUMMARY-  Orig_System      Autodesk Translation Framework v11.7.0.108
! SUMMARY-  Authorization    Unknown
! SUMMARY-  Schema_ID        automotive_design
! SUMMARY-   
! SUMMARY-    Summary of STEP Entities
! SUMMARY-   
! SUMMARY-  Entity Type                                                   Count
! SUMMARY-  -----------                                                   ------
! SUMMARY-  advanced_face ..............................................:     53
! SUMMARY-  application_context ........................................:      1
! SUMMARY-  axis2_placement_3d .........................................:    110
! SUMMARY-  b_spline_curve_with_knots ..................................:      5
! SUMMARY-  cartesian_point ............................................:    333
! SUMMARY-  circle .....................................................:     49
! SUMMARY-  closed_shell ...............................................:      2
! SUMMARY-  context_dependent_shape_representation .....................:      1
! SUMMARY-  conversion_based_unit_and_length_unit ......................:      1
! SUMMARY-  cylindrical_surface ........................................:     27
! SUMMARY-  dimensional_exponents ......................................:      1
! SUMMARY-  direction ..................................................:    304
! SUMMARY-  edge_curve .................................................:    143
! SUMMARY-  edge_loop ..................................................:     88
! SUMMARY-  ellipse ....................................................:      5
! SUMMARY-  face_bound .................................................:     35
! SUMMARY-  face_outer_bound ...........................................:     53
! SUMMARY-  geometric_representation_context_and_global_uncertainty_a ..:      3
! SUMMARY-  item_defined_transformation ................................:      1
! SUMMARY-  length_measure_with_unit ...................................:      1
! SUMMARY-  length_unit_and_si_unit ....................................:      1
! SUMMARY-  line .......................................................:     84
! SUMMARY-  manifold_solid_brep ........................................:      2
! SUMMARY-  next_assembly_usage_occurrence .............................:      1
! SUMMARY-  oriented_edge ..............................................:    286
! SUMMARY-  plane ......................................................:     26
! SUMMARY-  plane_angle_unit_and_si_unit ...............................:      1
! SUMMARY-  product ....................................................:      2
! SUMMARY-  product_context ............................................:      1
! SUMMARY-  product_definition .........................................:      2
! SUMMARY-  product_definition_context .................................:      1
! SUMMARY-  product_definition_formation ...............................:      2
! SUMMARY-  product_definition_shape ...................................:      3
! SUMMARY-  product_related_product_category ...........................:      2
! SUMMARY-  representation_relationship_with_transformation_and_shape ..:      1
! SUMMARY-  shape_representation .......................................:      2
! SUMMARY-  si_unit_and_solid_angle_unit ...............................:      1
! SUMMARY-  uncertainty_measure_with_unit ..............................:      3
! SUMMARY-  vector .....................................................:     84
! SUMMARY-  vertex_point ...............................................:     95
! SUMMARY-                                                               -------
! SUMMARY-  Total                                                           1816
! STATUS-    
! STATUS-   Converting to Output Form (Phase 2 of 3): 17-SEP-2022 11:51:07 AM
! STATUS-    
! STATUS-    
! STATUS-   Generating UG geometry and placing them in parts
! STATUS-    
! STATUS-   Creating the UG part (Phase 3 of 3): 17-SEP-2022  11:51:07 AM
! INFO-     Filing Part ..: D:\GrabCAD\Spaceshot\components\upper-section-assembly\components\avionics-bay-assembly\components\co2-recovery-assembly\components\Mounting plate
! SUMMARY-   
! SUMMARY-  Summary of Unigraphics Part Entities
! SUMMARY-   
! SUMMARY-  Entities Processed             Count
! SUMMARY-  ------------------             -----
! SUMMARY-  Solid .......................:     1
! SUMMARY-                                 -----
! SUMMARY-  Total                              1
! STATUS-   Creating the UG part (Phase 3 of 3): 17-SEP-2022  11:51:08 AM
! INFO-     Filing Part ..: D:\GrabCAD\Spaceshot\components\upper-section-assembly\components\avionics-bay-assembly\components\co2-recovery-assembly\components\bulkhead-alignment-tab.prt
! SUMMARY-   
! SUMMARY-  Summary of Unigraphics Part Entities
! SUMMARY-   
! SUMMARY-  Entities Processed             Count
! SUMMARY-  ------------------             -----
! SUMMARY-  Component ...................:     1
! SUMMARY-  Solid .......................:     1
! SUMMARY-                                 -----
! SUMMARY-  Total                              2
! INFO-      
! INFO-     Total number of solids input for this translation       :         2
! INFO-      
! INFO-     Number of solids created without body validation faults :         2
! INFO-      
! INFO-     Number of solids created with body validation fault(s)  :         0
! INFO-      
! INFO-     Number of solids ending up as sheet bodies              :         0
! INFO-      
! INFO-     End of Translation: 17-SEP-2022  11:51:08 AM
! INFO-      
