
Unigraphics NX V1926 / 2D Exchange

Reading part: C:\Users\gmbtf\OneDrive\Desktop\GrabCAD\Spaceshot\components\upper-section-assembly\components\avionics-bay-assembly\components\4.0\ac-stack-4.0-assembly\components\Inverted Components\Arm MK4.prt


Writing part: C:\Users\gmbtf\AppData\Local\Temp\gmbt156005ABawbe.prt

Elapsed time   :    0 minutes,  0 seconds
Actual CPU Time:    0 minutes,  0 seconds

INFO-
INFO-		Unigraphics Version NX V1926 to AutoCAD 2004
INFO-		
INFO-
INFO-		Running UGTODXF Translator .....
INFO-
INFO-		Start of Translation: Sat Feb 18 18:22:35 2023
INFO-
STATUS-		Converting C:\Users\gmbtf\AppData\Local\Temp\gmbt156005ABawbe.prt
STATUS-
SUMMARY-
SUMMARY-	Summary of Unigraphics Input Entities
SUMMARY-	For Unigraphics File: C:\Users\gmbtf\AppData\Local\Temp\gmbt156005ABawbe.prt
SUMMARY-	------------------------------------------------------------------
SUMMARY-	Entity Type					Count
SUMMARY-	------------------------------------------------------------------
SUMMARY-	Line .....................................:	8
SUMMARY-	Arc ......................................:	8
SUMMARY-	Circle ...................................:	4
SUMMARY-	------------------------------------------------------------------
SUMMARY-	Total ....................................:	20
SUMMARY-	------------------------------------------------------------------
SUMMARY-
STATUS-
INFO-
INFO-		Writing File: C:\Users\gmbtf\OneDrive\Desktop\GrabCAD\Spaceshot\manufacturing\TARS-4.0-AC-Stack\Arm MK4_1.dxf
SUMMARY-	Summary of AutoCAD Output Entities
SUMMARY-	------------------------------------------------------------------
SUMMARY-	Entity Type					Count
SUMMARY-	------------------------------------------------------------------
SUMMARY-	Arc ......................................:	8
SUMMARY-	Circle ...................................:	4
SUMMARY-	Line .....................................:	8
SUMMARY-	Layout ...................................:	6
SUMMARY-	------------------------------------------------------------------
SUMMARY-	Total ....................................:	26
SUMMARY-	------------------------------------------------------------------
SUMMARY-
INFO-
INFO-		End of Translation: Sat Feb 18 18:22:36 2023
INFO-		Translation CPU time: 0 m, 1 sINFO-
