
Unigraphics NX V1926 / 2D Exchange

Reading part: C:\Users\gmbtf\OneDrive\Desktop\GrabCAD\Spaceshot\components\upper-section-assembly\components\avionics-bay-assembly\components\4.0\ac-stack-4.0-assembly\components\Inverted Components\Flap MK4 mm.prt


Writing part: C:\Users\gmbtf\AppData\Local\Temp\gmbt156005ABawag.prt

Elapsed time   :    0 minutes,  1 seconds
Actual CPU Time:    0 minutes,  0 seconds

INFO-
INFO-		Unigraphics Version NX V1926 to AutoCAD 2004
INFO-		
INFO-
INFO-		Running UGTODXF Translator .....
INFO-
INFO-		Start of Translation: Sat Feb 18 18:19:59 2023
INFO-
STATUS-		Converting C:\Users\gmbtf\AppData\Local\Temp\gmbt156005ABawag.prt
STATUS-
SUMMARY-
SUMMARY-	Summary of Unigraphics Input Entities
SUMMARY-	For Unigraphics File: C:\Users\gmbtf\AppData\Local\Temp\gmbt156005ABawag.prt
SUMMARY-	------------------------------------------------------------------
SUMMARY-	Entity Type					Count
SUMMARY-	------------------------------------------------------------------
SUMMARY-	Line .....................................:	22
SUMMARY-	Point ....................................:	1
SUMMARY-	Arc ......................................:	10
SUMMARY-	Circle ...................................:	2
SUMMARY-	------------------------------------------------------------------
SUMMARY-	Total ....................................:	35
SUMMARY-	------------------------------------------------------------------
SUMMARY-
STATUS-
INFO-
INFO-		Writing File: C:\Users\gmbtf\OneDrive\Desktop\GrabCAD\Spaceshot\manufacturing\TARS-4.0-AC-Stack\Flap MK4 mm.dxf
SUMMARY-	Summary of AutoCAD Output Entities
SUMMARY-	------------------------------------------------------------------
SUMMARY-	Entity Type					Count
SUMMARY-	------------------------------------------------------------------
SUMMARY-	Arc ......................................:	10
SUMMARY-	Circle ...................................:	2
SUMMARY-	Point ....................................:	1
SUMMARY-	Line .....................................:	22
SUMMARY-	Layout ...................................:	6
SUMMARY-	------------------------------------------------------------------
SUMMARY-	Total ....................................:	41
SUMMARY-	------------------------------------------------------------------
SUMMARY-
INFO-
INFO-		End of Translation: Sat Feb 18 18:19:59 2023
INFO-		Translation CPU time: 0 m, 0 sINFO-
