
Unigraphics NX V1926 / 2D Exchange

Reading part: C:\Users\ktt3\Documents\GrabCAD\Spaceshot\components\lower-section-assembly\components\payload-assembly\components\payload-horizontal-plates_mobius.prt


Writing part: C:\Users\ktt3\AppData\Local\Temp\ktt32FA43645j1yv.prt

Elapsed time   :    0 minutes,  0 seconds
Actual CPU Time:    0 minutes,  0 seconds

INFO-
INFO-		Unigraphics Version NX V1926 to AutoCAD 2004
INFO-		
INFO-
INFO-		Running UGTODXF Translator .....
INFO-
INFO-		Start of Translation: Wed Jun 15 12:26:04 2022
INFO-
STATUS-		Converting C:\Users\ktt3\AppData\Local\Temp\ktt32FA43645j1yv.prt
STATUS-
SUMMARY-
SUMMARY-	Summary of Unigraphics Input Entities
SUMMARY-	For Unigraphics File: C:\Users\ktt3\AppData\Local\Temp\ktt32FA43645j1yv.prt
SUMMARY-	------------------------------------------------------------------
SUMMARY-	Entity Type					Count
SUMMARY-	------------------------------------------------------------------
SUMMARY-	Line .....................................:	48
SUMMARY-	Arc ......................................:	52
SUMMARY-	Circle ...................................:	4
SUMMARY-	------------------------------------------------------------------
SUMMARY-	Total ....................................:	104
SUMMARY-	------------------------------------------------------------------
SUMMARY-
STATUS-
INFO-
INFO-		Writing File: C:\Users\ktt3\Documents\GrabCAD\Spaceshot\components\lower-section-assembly\components\payload-assembly\manufacturing\payload-horizontal-plates_mobius.dxf
SUMMARY-	Summary of AutoCAD Output Entities
SUMMARY-	------------------------------------------------------------------
SUMMARY-	Entity Type					Count
SUMMARY-	------------------------------------------------------------------
SUMMARY-	Arc ......................................:	52
SUMMARY-	Circle ...................................:	4
SUMMARY-	Line .....................................:	48
SUMMARY-	Layout ...................................:	6
SUMMARY-	------------------------------------------------------------------
SUMMARY-	Total ....................................:	110
SUMMARY-	------------------------------------------------------------------
SUMMARY-
INFO-
INFO-		End of Translation: Wed Jun 15 12:26:34 2022
INFO-		Translation CPU time: 0 m, 30 sINFO-
