STEP to UG
! INFO-     NX STEP AP203 - V1926
! INFO-      
! INFO-     Start of Translation: 27-APR-2022  7:44:33 PM
! INFO-      
! STATUS-   Converting Part: C:\Users\Lwill\GrabCAD\Spaceshot\components\upper-section-assembly\components\avionics-bay-assembly\components\ac-stack-assembly\manufacturing\ac_flap_files\Flap_3_inches.stp
! SUMMARY-   
! SUMMARY-    STEP Header Information
! SUMMARY-   
! SUMMARY-  Description      Unknown
! SUMMARY-  Imp_Level        2;1
! SUMMARY-  File_Name        Flap_3_inches.stp
! SUMMARY-  Date             2022-04-06T20:56:23-05:00
! SUMMARY-  Author           Unknown
! SUMMARY-  Organization     Unknown
! SUMMARY-  Pre_Version      ST-DEVELOPER v16.7
! SUMMARY-  Orig_System      SIEMENS PLM Software NX 1934
! SUMMARY-  Authorization    Unknown
! SUMMARY-  Schema_ID        automotive_design
! SUMMARY-   
! SUMMARY-    Summary of STEP Entities
! SUMMARY-   
! SUMMARY-  Entity Type                                                   Count
! SUMMARY-  -----------                                                   ------
! SUMMARY-  advanced_face ..............................................:      9
! SUMMARY-  application_context ........................................:      1
! SUMMARY-  axis2_placement_3d .........................................:     18
! SUMMARY-  cartesian_point ............................................:     42
! SUMMARY-  circle .....................................................:      8
! SUMMARY-  closed_shell ...............................................:      1
! SUMMARY-  conversion_based_unit_and_length_unit ......................:      1
! SUMMARY-  conversion_based_unit_and_plane_angle_unit .................:      1
! SUMMARY-  cylindrical_surface ........................................:      4
! SUMMARY-  dimensional_exponents ......................................:      2
! SUMMARY-  direction ..................................................:     46
! SUMMARY-  edge_curve .................................................:     18
! SUMMARY-  edge_loop ..................................................:     18
! SUMMARY-  face_bound .................................................:     14
! SUMMARY-  face_outer_bound ...........................................:      4
! SUMMARY-  geometric_representation_context_and_global_uncertainty_a ..:      1
! SUMMARY-  length_measure_with_unit ...................................:      1
! SUMMARY-  length_unit_and_si_unit ....................................:      1
! SUMMARY-  line .......................................................:     10
! SUMMARY-  manifold_solid_brep ........................................:      1
! SUMMARY-  oriented_edge ..............................................:     36
! SUMMARY-  plane ......................................................:      5
! SUMMARY-  plane_angle_measure_with_unit ..............................:      1
! SUMMARY-  plane_angle_unit_and_si_unit ...............................:      1
! SUMMARY-  product ....................................................:      1
! SUMMARY-  product_context ............................................:      1
! SUMMARY-  product_definition .........................................:      1
! SUMMARY-  product_definition_context .................................:      1
! SUMMARY-  product_definition_formation_with_specified_source .........:      1
! SUMMARY-  product_definition_shape ...................................:      1
! SUMMARY-  product_related_product_category ...........................:      1
! SUMMARY-  si_unit_and_solid_angle_unit ...............................:      1
! SUMMARY-  uncertainty_measure_with_unit ..............................:      1
! SUMMARY-  vector .....................................................:     10
! SUMMARY-  vertex_point ...............................................:     14
! SUMMARY-                                                               -------
! SUMMARY-  Total                                                            277
! STATUS-    
! STATUS-   Converting to Output Form (Phase 2 of 3): 27-APR-2022 7:44:33 PM
! STATUS-    
! STATUS-    
! STATUS-   Generating UG geometry and placing them in parts
! STATUS-    
! STATUS-   Creating the UG part (Phase 3 of 3): 27-APR-2022  7:44:33 PM
! INFO-     Filing Part ..: C:\Users\Lwill\GrabCAD\Spaceshot\components\upper-section-assembly\components\avionics-bay-assembly\components\ac-stack-assembly\manufacturing\ac_flap_files\Flap_3_inches_stp.prt
! SUMMARY-   
! SUMMARY-  Summary of Unigraphics Part Entities
! SUMMARY-   
! SUMMARY-  Entities Processed             Count
! SUMMARY-  ------------------             -----
! SUMMARY-  Solid .......................:     1
! SUMMARY-                                 -----
! SUMMARY-  Total                              1
! INFO-      
! INFO-     Total number of solids input for this translation       :         1
! INFO-      
! INFO-     Number of solids created without body validation faults :         1
! INFO-      
! INFO-     Number of solids created with body validation fault(s)  :         0
! INFO-      
! INFO-     Number of solids ending up as sheet bodies              :         0
! INFO-      
! INFO-     End of Translation: 27-APR-2022  7:44:34 PM
! INFO-      
