UG to STEP
! INFO-     NX STEP AP242 - V1926
! INFO-      
! INFO-     Start of Translation: 4-MAR-2022  3:42:32 PM
! INFO-      
! STATUS-   Converting Part: \\ad.uillinois.edu\engr-ews\devinch2\Documents\GrabCAD\Spaceshot\components\upper-section-assembly\components\avionics-bay-assembly\components\ac-stack-assembly\components\Inverted Components\AC Base Plate.prt
! STATUS-    
! STATUS-   Converting to Output Form (Phase 2 of 3): 4-MAR-2022 3:42:32 PM
! STATUS-    
! INFO-           Summary of STEP Entities 
! INFO-      
! INFO-     Entity Type                                                   Count 
! INFO-     -----------                                                   ------ 
! INFO-     advanced_brep_shape_representation .......................:   1 
! INFO-     advanced_face ............................................:   18 
! INFO-     application_context ......................................:   1 
! INFO-     application_protocol_definition ..........................:   1 
! INFO-     axis2_placement_3d .......................................:   51 
! INFO-     camera_model_d3 ..........................................:   8 
! INFO-     cartesian_point ..........................................:   115 
! INFO-     circle ...................................................:   16 
! INFO-     closed_shell .............................................:   1 
! INFO-     colour_rgb ...............................................:   1 
! INFO-     cylindrical_surface ......................................:   8 
! INFO-     direction ................................................:   110 
! INFO-     draughting_model .........................................:   9 
! INFO-     edge_curve ...............................................:   40 
! INFO-     edge_loop ................................................:   42 
! INFO-     face_bound ...............................................:   42 
! INFO-     fill_area_style ..........................................:   1 
! INFO-     fill_area_style_colour ...................................:   1 
! INFO-     geometric_representation_context_and_global_uncertainty_a :   1 
! INFO-     length_unit_and_si_unit ..................................:   1 
! INFO-     line .....................................................:   24 
! INFO-     manifold_solid_brep ......................................:   1 
! INFO-     mapped_item ..............................................:   9 
! INFO-     mechanical_design_and_draughting_relationship ............:   8 
! INFO-     mechanical_design_geometric_presentation_representation ..:   1 
! INFO-     oriented_edge ............................................:   80 
! INFO-     planar_box ...............................................:   8 
! INFO-     plane ....................................................:   10 
! INFO-     plane_angle_unit_and_si_unit .............................:   1 
! INFO-     presentation_style_assignment ............................:   1 
! INFO-     product ..................................................:   1 
! INFO-     product_category .........................................:   1 
! INFO-     product_context ..........................................:   1 
! INFO-     product_definition .......................................:   1 
! INFO-     product_definition_context ...............................:   1 
! INFO-     product_definition_formation_with_specified_source .......:   1 
! INFO-     product_definition_shape .................................:   1 
! INFO-     product_related_product_category .........................:   1 
! INFO-     representation_map .......................................:   9 
! INFO-     shape_definition_representation ..........................:   1 
! INFO-     shape_representation .....................................:   1 
! INFO-     shape_representation_relationship ........................:   1 
! INFO-     si_unit_and_solid_angle_unit .............................:   1 
! INFO-     styled_item ..............................................:   1 
! INFO-     surface_side_style .......................................:   1 
! INFO-     surface_style_fill_area ..................................:   1 
! INFO-     surface_style_usage ......................................:   1 
! INFO-     uncertainty_measure_with_unit ............................:   1 
! INFO-     vector ...................................................:   24 
! INFO-     vertex_point .............................................:   32 
! INFO-     view_volume ..............................................:   8 
! INFO-                                                                  ------- 
! INFO-     Total                                                         701 
! INFO-      
! INFO-     End of Translation: 4-MAR-2022  3:42:38 PM
! INFO-      
